{"/Users/yeondampark/Desktop/projects/uber-eats-backend/src/users/users.resolver.ts": {"path":"/Users/yeondampark/Desktop/projects/uber-eats-backend/src/users/users.resolver.ts","statementMap":{"0":{"start":{"line":1,"column":0},"end":{"line":1,"column":43}},"1":{"start":{"line":2,"column":0},"end":{"line":2,"column":66}},"2":{"start":{"line":4,"column":0},"end":{"line":4,"column":46}},"3":{"start":{"line":5,"column":0},"end":{"line":5,"column":47}},"4":{"start":{"line":6,"column":0},"end":{"line":6,"column":48}},"5":{"start":{"line":7,"column":0},"end":{"line":7,"column":56}},"6":{"start":{"line":9,"column":0},"end":{"line":9,"column":59}},"7":{"start":{"line":10,"column":0},"end":{"line":10,"column":null}},"8":{"start":{"line":14,"column":0},"end":{"line":14,"column":78}},"9":{"start":{"line":15,"column":0},"end":{"line":15,"column":78}},"10":{"start":{"line":16,"column":0},"end":{"line":16,"column":78}},"11":{"start":{"line":19,"column":0},"end":{"line":63,"column":null}},"12":{"start":{"line":20,"column":31},"end":{"line":20,"column":45}},"13":{"start":{"line":26,"column":4},"end":{"line":26,"column":63}},"14":{"start":{"line":31,"column":4},"end":{"line":31,"column":47}},"15":{"start":{"line":37,"column":4},"end":{"line":37,"column":20}},"16":{"start":{"line":45,"column":4},"end":{"line":45,"column":69}},"17":{"start":{"line":54,"column":4},"end":{"line":54,"column":78}},"18":{"start":{"line":61,"column":4},"end":{"line":61,"column":53}},"19":{"start":{"line":23,"column":2},"end":{"line":27,"column":null}},"20":{"start":{"line":22,"column":18},"end":{"line":22,"column":37}},"21":{"start":{"line":30,"column":2},"end":{"line":32,"column":null}},"22":{"start":{"line":29,"column":18},"end":{"line":29,"column":29}},"23":{"start":{"line":36,"column":2},"end":{"line":38,"column":null}},"24":{"start":{"line":34,"column":15},"end":{"line":34,"column":19}},"25":{"start":{"line":42,"column":2},"end":{"line":46,"column":null}},"26":{"start":{"line":41,"column":15},"end":{"line":41,"column":32}},"27":{"start":{"line":50,"column":2},"end":{"line":55,"column":null}},"28":{"start":{"line":49,"column":18},"end":{"line":49,"column":35}},"29":{"start":{"line":58,"column":2},"end":{"line":62,"column":null}},"30":{"start":{"line":57,"column":18},"end":{"line":57,"column":35}},"31":{"start":{"line":19,"column":13},"end":{"line":63,"column":null}},"32":{"start":{"line":18,"column":16},"end":{"line":18,"column":20}},"33":{"start":{"line":19,"column":13},"end":{"line":19,"column":26}}},"fnMap":{"0":{"name":"(anonymous_4)","decl":{"start":{"line":20,"column":2},"end":{"line":20,"column":31}},"loc":{"start":{"line":20,"column":57},"end":{"line":20,"column":61}}},"1":{"name":"(anonymous_5)","decl":{"start":{"line":23,"column":2},"end":{"line":23,"column":7}},"loc":{"start":{"line":24,"column":57},"end":{"line":27,"column":3}}},"2":{"name":"(anonymous_6)","decl":{"start":{"line":30,"column":2},"end":{"line":30,"column":7}},"loc":{"start":{"line":30,"column":51},"end":{"line":32,"column":3}}},"3":{"name":"(anonymous_7)","decl":{"start":{"line":36,"column":2},"end":{"line":36,"column":4}},"loc":{"start":{"line":36,"column":31},"end":{"line":38,"column":3}}},"4":{"name":"(anonymous_8)","decl":{"start":{"line":42,"column":2},"end":{"line":42,"column":7}},"loc":{"start":{"line":43,"column":46},"end":{"line":46,"column":3}}},"5":{"name":"(anonymous_9)","decl":{"start":{"line":50,"column":2},"end":{"line":50,"column":7}},"loc":{"start":{"line":52,"column":53},"end":{"line":55,"column":3}}},"6":{"name":"(anonymous_10)","decl":{"start":{"line":58,"column":2},"end":{"line":58,"column":7}},"loc":{"start":{"line":59,"column":45},"end":{"line":62,"column":3}}},"7":{"name":"(anonymous_11)","decl":{"start":{"line":22,"column":12},"end":{"line":22,"column":15}},"loc":{"start":{"line":22,"column":18},"end":{"line":22,"column":37}}},"8":{"name":"(anonymous_12)","decl":{"start":{"line":29,"column":12},"end":{"line":29,"column":15}},"loc":{"start":{"line":29,"column":18},"end":{"line":29,"column":29}}},"9":{"name":"(anonymous_13)","decl":{"start":{"line":34,"column":9},"end":{"line":34,"column":12}},"loc":{"start":{"line":34,"column":15},"end":{"line":34,"column":19}}},"10":{"name":"(anonymous_14)","decl":{"start":{"line":41,"column":9},"end":{"line":41,"column":12}},"loc":{"start":{"line":41,"column":15},"end":{"line":41,"column":32}}},"11":{"name":"(anonymous_15)","decl":{"start":{"line":49,"column":12},"end":{"line":49,"column":15}},"loc":{"start":{"line":49,"column":18},"end":{"line":49,"column":35}}},"12":{"name":"(anonymous_16)","decl":{"start":{"line":57,"column":12},"end":{"line":57,"column":15}},"loc":{"start":{"line":57,"column":18},"end":{"line":57,"column":35}}},"13":{"name":"(anonymous_17)","decl":{"start":{"line":18,"column":10},"end":{"line":18,"column":13}},"loc":{"start":{"line":18,"column":16},"end":{"line":18,"column":20}}}},"branchMap":{},"s":{"0":0,"1":0,"2":0,"3":0,"4":0,"5":0,"6":0,"7":0,"8":0,"9":0,"10":0,"11":0,"12":0,"13":0,"14":0,"15":0,"16":0,"17":0,"18":0,"19":0,"20":0,"21":0,"22":0,"23":0,"24":0,"25":0,"26":0,"27":0,"28":0,"29":0,"30":0,"31":0,"32":0,"33":0},"f":{"0":0,"1":0,"2":0,"3":0,"4":0,"5":0,"6":0,"7":0,"8":0,"9":0,"10":0,"11":0,"12":0,"13":0},"b":{}}
}
