{"/Users/yeondampark/Desktop/projects/uber-eats-backend/src/jwt/jwt.service.ts": {"path":"/Users/yeondampark/Desktop/projects/uber-eats-backend/src/jwt/jwt.service.ts","statementMap":{"0":{"start":{"line":1,"column":0},"end":{"line":1,"column":52}},"1":{"start":{"line":4,"column":0},"end":{"line":4,"column":61}},"2":{"start":{"line":6,"column":0},"end":{"line":6,"column":36}},"3":{"start":{"line":9,"column":0},"end":{"line":19,"column":null}},"4":{"start":{"line":11,"column":45},"end":{"line":11,"column":70}},"5":{"start":{"line":14,"column":4},"end":{"line":14,"column":61}},"6":{"start":{"line":17,"column":4},"end":{"line":17,"column":54}},"7":{"start":{"line":9,"column":13},"end":{"line":19,"column":null}},"8":{"start":{"line":9,"column":13},"end":{"line":9,"column":23}}},"fnMap":{"0":{"name":"(anonymous_4)","decl":{"start":{"line":10,"column":2},"end":{"line":10,"column":null}},"loc":{"start":{"line":11,"column":70},"end":{"line":12,"column":6}}},"1":{"name":"(anonymous_5)","decl":{"start":{"line":13,"column":2},"end":{"line":13,"column":6}},"loc":{"start":{"line":13,"column":21},"end":{"line":15,"column":3}}},"2":{"name":"(anonymous_6)","decl":{"start":{"line":16,"column":2},"end":{"line":16,"column":8}},"loc":{"start":{"line":16,"column":22},"end":{"line":18,"column":3}}}},"branchMap":{},"s":{"0":2,"1":2,"2":2,"3":2,"4":3,"5":1,"6":1,"7":2,"8":2},"f":{"0":3,"1":1,"2":1},"b":{}}
,"/Users/yeondampark/Desktop/projects/uber-eats-backend/src/mail/mail.service.ts": {"path":"/Users/yeondampark/Desktop/projects/uber-eats-backend/src/mail/mail.service.ts","statementMap":{"0":{"start":{"line":1,"column":0},"end":{"line":1,"column":52}},"1":{"start":{"line":2,"column":0},"end":{"line":2,"column":22}},"2":{"start":{"line":3,"column":0},"end":{"line":3,"column":38}},"3":{"start":{"line":4,"column":0},"end":{"line":4,"column":61}},"4":{"start":{"line":8,"column":0},"end":{"line":54,"column":null}},"5":{"start":{"line":10,"column":45},"end":{"line":10,"column":71}},"6":{"start":{"line":19,"column":17},"end":{"line":19,"column":31}},"7":{"start":{"line":20,"column":4},"end":{"line":20,"column":66}},"8":{"start":{"line":21,"column":4},"end":{"line":21,"column":26}},"9":{"start":{"line":22,"column":4},"end":{"line":22,"column":36}},"10":{"start":{"line":23,"column":4},"end":{"line":23,"column":38}},"11":{"start":{"line":24,"column":4},"end":{"line":24,"column":74}},"12":{"start":{"line":24,"column":32},"end":{"line":24,"column":72}},"13":{"start":{"line":25,"column":4},"end":{"line":40,"column":null}},"14":{"start":{"line":26,"column":6},"end":{"line":36,"column":8}},"15":{"start":{"line":37,"column":6},"end":{"line":37,"column":18}},"16":{"start":{"line":39,"column":6},"end":{"line":39,"column":19}},"17":{"start":{"line":44,"column":4},"end":{"line":52,"column":6}},"18":{"start":{"line":8,"column":13},"end":{"line":54,"column":null}},"19":{"start":{"line":8,"column":13},"end":{"line":8,"column":24}}},"fnMap":{"0":{"name":"(anonymous_4)","decl":{"start":{"line":9,"column":2},"end":{"line":9,"column":null}},"loc":{"start":{"line":10,"column":71},"end":{"line":11,"column":6}}},"1":{"name":"(anonymous_5)","decl":{"start":{"line":13,"column":2},"end":{"line":13,"column":7}},"loc":{"start":{"line":17,"column":14},"end":{"line":41,"column":3}}},"2":{"name":"(anonymous_6)","decl":{"start":{"line":24,"column":22},"end":{"line":24,"column":23}},"loc":{"start":{"line":24,"column":32},"end":{"line":24,"column":72}}},"3":{"name":"(anonymous_7)","decl":{"start":{"line":43,"column":2},"end":{"line":43,"column":7}},"loc":{"start":{"line":43,"column":69},"end":{"line":53,"column":3}}}},"branchMap":{},"s":{"0":2,"1":2,"2":2,"3":2,"4":2,"5":4,"6":2,"7":2,"8":2,"9":2,"10":2,"11":2,"12":1,"13":2,"14":2,"15":1,"16":1,"17":1,"18":2,"19":2},"f":{"0":4,"1":2,"2":1,"3":1},"b":{}}
,"/Users/yeondampark/Desktop/projects/uber-eats-backend/src/users/users.service.ts": {"path":"/Users/yeondampark/Desktop/projects/uber-eats-backend/src/users/users.service.ts","statementMap":{"0":{"start":{"line":1,"column":0},"end":{"line":1,"column":44}},"1":{"start":{"line":2,"column":0},"end":{"line":2,"column":51}},"2":{"start":{"line":3,"column":0},"end":{"line":3,"column":49}},"3":{"start":{"line":4,"column":0},"end":{"line":4,"column":52}},"4":{"start":{"line":6,"column":0},"end":{"line":6,"column":43}},"5":{"start":{"line":13,"column":0},"end":{"line":13,"column":46}},"6":{"start":{"line":14,"column":0},"end":{"line":14,"column":62}},"7":{"start":{"line":17,"column":0},"end":{"line":162,"column":null}},"8":{"start":{"line":20,"column":21},"end":{"line":20,"column":28}},"9":{"start":{"line":22,"column":21},"end":{"line":22,"column":35}},"10":{"start":{"line":23,"column":21},"end":{"line":23,"column":33}},"11":{"start":{"line":24,"column":21},"end":{"line":24,"column":34}},"12":{"start":{"line":32,"column":4},"end":{"line":53,"column":null}},"13":{"start":{"line":33,"column":21},"end":{"line":33,"column":56}},"14":{"start":{"line":34,"column":6},"end":{"line":36,"column":null}},"15":{"start":{"line":35,"column":8},"end":{"line":35,"column":79}},"16":{"start":{"line":37,"column":19},"end":{"line":38,"column":null}},"17":{"start":{"line":40,"column":27},"end":{"line":43,"column":null}},"18":{"start":{"line":45,"column":6},"end":{"line":49,"column":8}},"19":{"start":{"line":50,"column":6},"end":{"line":50,"column":26}},"20":{"start":{"line":52,"column":6},"end":{"line":52,"column":64}},"21":{"start":{"line":57,"column":4},"end":{"line":85,"column":null}},"22":{"start":{"line":58,"column":19},"end":{"line":60,"column":null}},"23":{"start":{"line":62,"column":6},"end":{"line":67,"column":null}},"24":{"start":{"line":63,"column":8},"end":{"line":66,"column":10}},"25":{"start":{"line":68,"column":28},"end":{"line":68,"column":62}},"26":{"start":{"line":69,"column":6},"end":{"line":74,"column":null}},"27":{"start":{"line":70,"column":8},"end":{"line":73,"column":10}},"28":{"start":{"line":75,"column":20},"end":{"line":75,"column":49}},"29":{"start":{"line":76,"column":6},"end":{"line":79,"column":8}},"30":{"start":{"line":81,"column":6},"end":{"line":84,"column":8}},"31":{"start":{"line":89,"column":4},"end":{"line":100,"column":null}},"32":{"start":{"line":90,"column":19},"end":{"line":90,"column":51}},"33":{"start":{"line":91,"column":6},"end":{"line":94,"column":8}},"34":{"start":{"line":96,"column":6},"end":{"line":99,"column":8}},"35":{"start":{"line":107,"column":4},"end":{"line":134,"column":null}},"36":{"start":{"line":108,"column":19},"end":{"line":108,"column":51}},"37":{"start":{"line":109,"column":6},"end":{"line":109,"column":25}},"38":{"start":{"line":110,"column":6},"end":{"line":121,"column":null}},"39":{"start":{"line":111,"column":8},"end":{"line":111,"column":27}},"40":{"start":{"line":112,"column":8},"end":{"line":112,"column":30}},"41":{"start":{"line":113,"column":29},"end":{"line":114,"column":null}},"42":{"start":{"line":116,"column":8},"end":{"line":120,"column":10}},"43":{"start":{"line":122,"column":6},"end":{"line":124,"column":null}},"44":{"start":{"line":123,"column":8},"end":{"line":123,"column":33}},"45":{"start":{"line":125,"column":6},"end":{"line":125,"column":34}},"46":{"start":{"line":126,"column":6},"end":{"line":128,"column":8}},"47":{"start":{"line":130,"column":6},"end":{"line":133,"column":8}},"48":{"start":{"line":138,"column":4},"end":{"line":160,"column":null}},"49":{"start":{"line":139,"column":27},"end":{"line":141,"column":null}},"50":{"start":{"line":143,"column":6},"end":{"line":150,"column":null}},"51":{"start":{"line":144,"column":8},"end":{"line":144,"column":42}},"52":{"start":{"line":145,"column":8},"end":{"line":145,"column":49}},"53":{"start":{"line":146,"column":8},"end":{"line":146,"column":56}},"54":{"start":{"line":147,"column":8},"end":{"line":149,"column":10}},"55":{"start":{"line":151,"column":6},"end":{"line":154,"column":8}},"56":{"start":{"line":156,"column":6},"end":{"line":159,"column":8}},"57":{"start":{"line":17,"column":13},"end":{"line":162,"column":null}},"58":{"start":{"line":17,"column":13},"end":{"line":17,"column":25}}},"fnMap":{"0":{"name":"(anonymous_4)","decl":{"start":{"line":18,"column":2},"end":{"line":18,"column":null}},"loc":{"start":{"line":24,"column":45},"end":{"line":25,"column":6}}},"1":{"name":"(anonymous_5)","decl":{"start":{"line":27,"column":2},"end":{"line":27,"column":7}},"loc":{"start":{"line":31,"column":23},"end":{"line":54,"column":3}}},"2":{"name":"(anonymous_6)","decl":{"start":{"line":56,"column":2},"end":{"line":56,"column":7}},"loc":{"start":{"line":56,"column":45},"end":{"line":86,"column":3}}},"3":{"name":"(anonymous_7)","decl":{"start":{"line":88,"column":2},"end":{"line":88,"column":7}},"loc":{"start":{"line":88,"column":27},"end":{"line":101,"column":3}}},"4":{"name":"(anonymous_8)","decl":{"start":{"line":103,"column":2},"end":{"line":103,"column":7}},"loc":{"start":{"line":105,"column":41},"end":{"line":135,"column":3}}},"5":{"name":"(anonymous_9)","decl":{"start":{"line":137,"column":2},"end":{"line":137,"column":7}},"loc":{"start":{"line":137,"column":32},"end":{"line":161,"column":3}}}},"branchMap":{"0":{"loc":{"start":{"line":34,"column":6},"end":{"line":36,"column":null}},"type":"if","locations":[{"start":{"line":34,"column":6},"end":{"line":36,"column":null}},{"start":{"line":34,"column":6},"end":{"line":36,"column":null}}]},"1":{"loc":{"start":{"line":62,"column":6},"end":{"line":67,"column":null}},"type":"if","locations":[{"start":{"line":62,"column":6},"end":{"line":67,"column":null}},{"start":{"line":62,"column":6},"end":{"line":67,"column":null}}]},"2":{"loc":{"start":{"line":69,"column":6},"end":{"line":74,"column":null}},"type":"if","locations":[{"start":{"line":69,"column":6},"end":{"line":74,"column":null}},{"start":{"line":69,"column":6},"end":{"line":74,"column":null}}]},"3":{"loc":{"start":{"line":110,"column":6},"end":{"line":121,"column":null}},"type":"if","locations":[{"start":{"line":110,"column":6},"end":{"line":121,"column":null}},{"start":{"line":110,"column":6},"end":{"line":121,"column":null}}]},"4":{"loc":{"start":{"line":122,"column":6},"end":{"line":124,"column":null}},"type":"if","locations":[{"start":{"line":122,"column":6},"end":{"line":124,"column":null}},{"start":{"line":122,"column":6},"end":{"line":124,"column":null}}]},"5":{"loc":{"start":{"line":143,"column":6},"end":{"line":150,"column":null}},"type":"if","locations":[{"start":{"line":143,"column":6},"end":{"line":150,"column":null}},{"start":{"line":143,"column":6},"end":{"line":150,"column":null}}]}},"s":{"0":1,"1":1,"2":1,"3":1,"4":1,"5":1,"6":1,"7":1,"8":17,"9":17,"10":17,"11":17,"12":3,"13":3,"14":2,"15":1,"16":1,"17":1,"18":1,"19":1,"20":1,"21":4,"22":4,"23":3,"24":1,"25":2,"26":2,"27":1,"28":1,"29":1,"30":1,"31":2,"32":2,"33":1,"34":1,"35":4,"36":4,"37":2,"38":2,"39":1,"40":1,"41":1,"42":1,"43":2,"44":1,"45":2,"46":2,"47":2,"48":3,"49":3,"50":2,"51":1,"52":1,"53":1,"54":1,"55":1,"56":1,"57":1,"58":1},"f":{"0":17,"1":3,"2":4,"3":2,"4":4,"5":3},"b":{"0":[1,1],"1":[1,2],"2":[1,1],"3":[1,1],"4":[1,1],"5":[1,1]}}
}
