TN:
SF:src/users/users.resolver.ts
FN:20,(anonymous_4)
FN:23,(anonymous_5)
FN:30,(anonymous_6)
FN:36,(anonymous_7)
FN:42,(anonymous_8)
FN:50,(anonymous_9)
FN:58,(anonymous_10)
FN:22,(anonymous_11)
FN:29,(anonymous_12)
FN:34,(anonymous_13)
FN:41,(anonymous_14)
FN:49,(anonymous_15)
FN:57,(anonymous_16)
FN:18,(anonymous_17)
FNF:14
FNH:0
FNDA:0,(anonymous_4)
FNDA:0,(anonymous_5)
FNDA:0,(anonymous_6)
FNDA:0,(anonymous_7)
FNDA:0,(anonymous_8)
FNDA:0,(anonymous_9)
FNDA:0,(anonymous_10)
FNDA:0,(anonymous_11)
FNDA:0,(anonymous_12)
FNDA:0,(anonymous_13)
FNDA:0,(anonymous_14)
FNDA:0,(anonymous_15)
FNDA:0,(anonymous_16)
FNDA:0,(anonymous_17)
DA:1,0
DA:2,0
DA:4,0
DA:5,0
DA:6,0
DA:7,0
DA:9,0
DA:10,0
DA:14,0
DA:15,0
DA:16,0
DA:18,0
DA:19,0
DA:20,0
DA:22,0
DA:23,0
DA:26,0
DA:29,0
DA:30,0
DA:31,0
DA:34,0
DA:36,0
DA:37,0
DA:41,0
DA:42,0
DA:45,0
DA:49,0
DA:50,0
DA:54,0
DA:57,0
DA:58,0
DA:61,0
LF:32
LH:0
BRF:0
BRH:0
end_of_record
