TN:
SF:src/jwt/jwt.service.ts
FN:10,(anonymous_4)
FN:13,(anonymous_5)
FN:16,(anonymous_6)
FNF:3
FNH:3
FNDA:3,(anonymous_4)
FNDA:1,(anonymous_5)
FNDA:1,(anonymous_6)
DA:1,2
DA:4,2
DA:6,2
DA:9,2
DA:11,3
DA:14,1
DA:17,1
LF:7
LH:7
BRF:0
BRH:0
end_of_record
TN:
SF:src/mail/mail.service.ts
FN:9,(anonymous_4)
FN:13,(anonymous_5)
FN:24,(anonymous_6)
FN:43,(anonymous_7)
FNF:4
FNH:4
FNDA:4,(anonymous_4)
FNDA:2,(anonymous_5)
FNDA:1,(anonymous_6)
FNDA:1,(anonymous_7)
DA:1,2
DA:2,2
DA:3,2
DA:4,2
DA:8,2
DA:10,4
DA:19,2
DA:20,2
DA:21,2
DA:22,2
DA:23,2
DA:24,2
DA:25,2
DA:26,2
DA:37,1
DA:39,1
DA:44,1
LF:17
LH:17
BRF:0
BRH:0
end_of_record
TN:
SF:src/users/users.service.ts
FN:18,(anonymous_4)
FN:27,(anonymous_5)
FN:56,(anonymous_6)
FN:88,(anonymous_7)
FN:103,(anonymous_8)
FN:137,(anonymous_9)
FNF:6
FNH:6
FNDA:17,(anonymous_4)
FNDA:3,(anonymous_5)
FNDA:4,(anonymous_6)
FNDA:2,(anonymous_7)
FNDA:4,(anonymous_8)
FNDA:3,(anonymous_9)
DA:1,1
DA:2,1
DA:3,1
DA:4,1
DA:6,1
DA:13,1
DA:14,1
DA:17,1
DA:20,17
DA:22,17
DA:23,17
DA:24,17
DA:32,3
DA:33,3
DA:34,2
DA:35,1
DA:37,1
DA:40,1
DA:45,1
DA:50,1
DA:52,1
DA:57,4
DA:58,4
DA:62,3
DA:63,1
DA:68,2
DA:69,2
DA:70,1
DA:75,1
DA:76,1
DA:81,1
DA:89,2
DA:90,2
DA:91,1
DA:96,1
DA:107,4
DA:108,4
DA:109,2
DA:110,2
DA:111,1
DA:112,1
DA:113,1
DA:116,1
DA:122,2
DA:123,1
DA:125,2
DA:126,2
DA:130,2
DA:138,3
DA:139,3
DA:143,2
DA:144,1
DA:145,1
DA:146,1
DA:147,1
DA:151,1
DA:156,1
LF:57
LH:57
BRDA:34,0,0,1
BRDA:34,0,1,1
BRDA:62,1,0,1
BRDA:62,1,1,2
BRDA:69,2,0,1
BRDA:69,2,1,1
BRDA:110,3,0,1
BRDA:110,3,1,1
BRDA:122,4,0,1
BRDA:122,4,1,1
BRDA:143,5,0,1
BRDA:143,5,1,1
BRF:12
BRH:12
end_of_record
